2026-02-09 22:23:15 INFO  com.passwordmanager.dao.implementation.UserInfoDaoImp - Created new user 'revanh' with email 'revanth@gmail.com'
2026-02-09 22:23:15 INFO  com.passwordmanager.dao.implementation.UserInfoDaoImp - Fetched user details for email 'revanth@gmail.com'
2026-02-09 22:23:16 INFO  com.passwordmanager.dao.implementation.SecurityAnswerDaoImp - Added security answer for userId=1 questionId=1
2026-02-09 22:23:16 INFO  com.passwordmanager.dao.implementation.SecurityAnswerDaoImp - Added security answer for userId=1 questionId=12
2026-02-09 22:23:33 INFO  com.passwordmanager.dao.implementation.UserInfoDaoImp - Fetched user details for username/email 'revanh'
2026-02-09 22:23:37 INFO  com.passwordmanager.dao.implementation.UserInfoDaoImp - Fetched user details for userId=1
2026-02-09 22:23:42 INFO  com.passwordmanager.dao.implementation.UserInfoDaoImp - Updated user info for userId=1: new username='revanth', new email='revanth@gmail.com'
2026-02-09 22:23:47 INFO  com.passwordmanager.dao.implementation.SecurityAnswerDaoImp - Fetched 2 security answers for userId=1
2026-02-09 22:23:47 INFO  com.passwordmanager.dao.implementation.SecurityQuestionDaoImp - Fetched security question id=1 name=What is your mother’s maiden name?
2026-02-09 22:23:47 INFO  com.passwordmanager.dao.implementation.SecurityQuestionDaoImp - Fetched security question id=12 name=What is your favorite color?
2026-02-09 22:24:32 INFO  com.passwordmanager.dao.implementation.AccountCredentialsDaoImp - Added account 'Gmail' for userId=1
2026-02-09 22:25:07 INFO  com.passwordmanager.dao.implementation.UserInfoDaoImp - Fetched user details for email 'revanth@gmail.com'
2026-02-09 22:25:07 INFO  com.passwordmanager.dao.implementation.UserInfoDaoImp - Fetched user details for email 'revanth@gmail.com'
2026-02-09 22:25:10 INFO  com.passwordmanager.dao.implementation.SecurityAnswerDaoImp - Fetched 2 security answers for userId=1
2026-02-09 22:25:10 INFO  com.passwordmanager.dao.implementation.SecurityQuestionDaoImp - Fetched security question id=1 name=What is your mother’s maiden name?
2026-02-09 22:25:14 INFO  com.passwordmanager.dao.implementation.SecurityQuestionDaoImp - Fetched security question id=12 name=What is your favorite color?
2026-02-09 22:25:21 INFO  com.passwordmanager.dao.implementation.UserInfoDaoImp - Password updated successfully for userId=1
2026-02-10 09:27:25 INFO  com.passwordmanager.dao.implementation.SecurityQuestionDaoImp - Fetched 12 security questions
2026-02-10 09:27:34 INFO  com.passwordmanager.dao.implementation.SecurityQuestionDaoImp - Fetched 12 security questions
2026-02-10 09:27:39 INFO  com.passwordmanager.dao.implementation.UserInfoDaoImp - Created new user 'ameer' with email 'ameer@gmail.com'
2026-02-10 09:27:39 INFO  com.passwordmanager.dao.implementation.UserInfoDaoImp - Fetched user details for email 'ameer@gmail.com'
2026-02-10 09:27:39 INFO  com.passwordmanager.dao.implementation.SecurityAnswerDaoImp - Added security answer for userId=21 questionId=1
2026-02-10 09:27:40 INFO  com.passwordmanager.dao.implementation.SecurityAnswerDaoImp - Added security answer for userId=21 questionId=12
2026-02-10 09:27:52 INFO  com.passwordmanager.dao.implementation.UserInfoDaoImp - Fetched user details for username/email 'ameer@gmail.com'
2026-02-10 09:27:55 INFO  com.passwordmanager.dao.implementation.UserInfoDaoImp - Fetched user details for userId=21
2026-02-10 09:29:02 INFO  com.passwordmanager.dao.implementation.UserInfoDaoImp - Updated user info for userId=21: new username='ameer', new email='ameer@gmail.com'
2026-02-10 09:29:49 WARN  com.passwordmanager.dao.implementation.AccountCredentialsDaoImp - Failed to add account 'Gmail', already exists for userId=1
2026-02-10 09:30:03 INFO  com.passwordmanager.dao.implementation.AccountCredentialsDaoImp - Added account 'TestDelete' for userId=1
2026-02-10 09:30:03 INFO  com.passwordmanager.dao.implementation.AccountCredentialsDaoImp - Deleted account 'TestDelete' for userId=1
2026-02-10 09:30:14 INFO  com.passwordmanager.dao.implementation.AccountCredentialsDaoImp - Added account 'Facebook' for userId=1
2026-02-10 09:30:27 INFO  com.passwordmanager.dao.implementation.AccountCredentialsDaoImp - Added account 'ViewTest' for userId=1
2026-02-10 09:31:10 INFO  com.passwordmanager.dao.implementation.SecurityQuestionDaoImp - Added security question with id=21 name=What is your pet's name?
2026-02-10 09:31:10 INFO  com.passwordmanager.dao.implementation.SecurityAnswerDaoImp - Added security answer for userId=1 questionId=21
2026-02-10 09:31:11 INFO  com.passwordmanager.dao.implementation.SecurityAnswerDaoImp - Updated security answer by userId=1 questionId=21
2026-02-10 09:31:11 INFO  com.passwordmanager.dao.implementation.SecurityAnswerDaoImp - Fetched 3 security answers for userId=1
2026-02-10 09:31:25 INFO  com.passwordmanager.dao.implementation.UserInfoDaoImp - Created new user 'forgotTest' with email 'forgot@example.com'
2026-02-10 09:31:27 INFO  com.passwordmanager.dao.implementation.UserInfoDaoImp - Fetched user details for email 'forgot@example.com'
2026-02-10 09:31:27 INFO  com.passwordmanager.dao.implementation.UserInfoDaoImp - Password updated successfully for userId=22
2026-02-10 09:31:35 WARN  com.passwordmanager.dao.implementation.AccountCredentialsDaoImp - Failed to add account 'Gmail', already exists for userId=1
2026-02-10 09:31:52 INFO  com.passwordmanager.dao.implementation.UserInfoDaoImp - Created new user 'tester' with email 'tester@example.com'
2026-02-10 09:31:52 WARN  com.passwordmanager.dao.implementation.UserInfoDaoImp - Failed login attempt for username/email 'tester'
2026-02-10 09:32:10 ERROR com.passwordmanager.dao.implementation.SecurityQuestionDaoImp - DB error while adding security question name=What is your pet's name?
java.sql.SQLIntegrityConstraintViolationException: ORA-00001: unique constraint (REVANTH.SYS_C008713) violated

	at oracle.jdbc.driver.T4CTTIoer11.processError(T4CTTIoer11.java:702) ~[ojdbc8-23.2.0.0.jar:23.2.0.0.0]
	at oracle.jdbc.driver.T4CTTIoer11.processError(T4CTTIoer11.java:608) ~[ojdbc8-23.2.0.0.jar:23.2.0.0.0]
	at oracle.jdbc.driver.T4C8Oall.processError(T4C8Oall.java:1248) ~[ojdbc8-23.2.0.0.jar:23.2.0.0.0]
	at oracle.jdbc.driver.T4CTTIfun.receive(T4CTTIfun.java:1041) ~[ojdbc8-23.2.0.0.jar:23.2.0.0.0]
	at oracle.jdbc.driver.T4CTTIfun.doRPC(T4CTTIfun.java:443) ~[ojdbc8-23.2.0.0.jar:23.2.0.0.0]
	at oracle.jdbc.driver.T4C8Oall.doOALL(T4C8Oall.java:518) ~[ojdbc8-23.2.0.0.jar:23.2.0.0.0]
	at oracle.jdbc.driver.T4CPreparedStatement.doOall8(T4CPreparedStatement.java:251) ~[ojdbc8-23.2.0.0.jar:23.2.0.0.0]
	at oracle.jdbc.driver.T4CPreparedStatement.executeForRows(T4CPreparedStatement.java:1181) ~[ojdbc8-23.2.0.0.jar:23.2.0.0.0]
	at oracle.jdbc.driver.OracleStatement.executeSQLStatement(OracleStatement.java:1571) ~[ojdbc8-23.2.0.0.jar:23.2.0.0.0]
	at oracle.jdbc.driver.OracleStatement.doExecuteWithTimeout(OracleStatement.java:1345) ~[ojdbc8-23.2.0.0.jar:23.2.0.0.0]
	at oracle.jdbc.driver.OraclePreparedStatement.executeInternal(OraclePreparedStatement.java:3728) ~[ojdbc8-23.2.0.0.jar:23.2.0.0.0]
	at oracle.jdbc.driver.OraclePreparedStatement.executeLargeUpdate(OraclePreparedStatement.java:3905) ~[ojdbc8-23.2.0.0.jar:23.2.0.0.0]
	at oracle.jdbc.driver.OraclePreparedStatement.executeUpdate(OraclePreparedStatement.java:3880) ~[ojdbc8-23.2.0.0.jar:23.2.0.0.0]
	at oracle.jdbc.driver.OraclePreparedStatementWrapper.executeUpdate(OraclePreparedStatementWrapper.java:993) ~[ojdbc8-23.2.0.0.jar:23.2.0.0.0]
	at com.passwordmanager.dao.implementation.SecurityQuestionDaoImp.addQuestion(SecurityQuestionDaoImp.java:26) ~[classes/:?]
	at com.passwordmanager.service.questions.ManageSecurityQuestionsTest.testAddAndUpdateSecurityAnswer(ManageSecurityQuestionsTest.java:26) ~[test-classes/:?]
	at jdk.internal.reflect.DirectMethodHandleAccessor.invoke(DirectMethodHandleAccessor.java:104) ~[?:?]
	at java.lang.reflect.Method.invoke(Method.java:578) ~[?:?]
	at org.junit.platform.commons.util.ReflectionUtils.invokeMethod(ReflectionUtils.java:725) ~[junit-platform-commons-1.8.2.jar:1.8.2]
	at org.junit.jupiter.engine.execution.MethodInvocation.proceed(MethodInvocation.java:60) ~[junit-jupiter-engine-5.8.2.jar:5.8.2]
	at org.junit.jupiter.engine.execution.InvocationInterceptorChain$ValidatingInvocation.proceed(InvocationInterceptorChain.java:131) ~[junit-jupiter-engine-5.8.2.jar:5.8.2]
	at org.junit.jupiter.engine.extension.TimeoutExtension.intercept(TimeoutExtension.java:149) ~[junit-jupiter-engine-5.8.2.jar:5.8.2]
	at org.junit.jupiter.engine.extension.TimeoutExtension.interceptTestableMethod(TimeoutExtension.java:140) ~[junit-jupiter-engine-5.8.2.jar:5.8.2]
	at org.junit.jupiter.engine.extension.TimeoutExtension.interceptTestMethod(TimeoutExtension.java:84) ~[junit-jupiter-engine-5.8.2.jar:5.8.2]
	at org.junit.jupiter.engine.execution.ExecutableInvoker$ReflectiveInterceptorCall.lambda$ofVoidMethod$0(ExecutableInvoker.java:115) ~[junit-jupiter-engine-5.8.2.jar:5.8.2]
	at org.junit.jupiter.engine.execution.ExecutableInvoker.lambda$invoke$0(ExecutableInvoker.java:105) ~[junit-jupiter-engine-5.8.2.jar:5.8.2]
	at org.junit.jupiter.engine.execution.InvocationInterceptorChain$InterceptedInvocation.proceed(InvocationInterceptorChain.java:106) ~[junit-jupiter-engine-5.8.2.jar:5.8.2]
	at org.junit.jupiter.engine.execution.InvocationInterceptorChain.proceed(InvocationInterceptorChain.java:64) ~[junit-jupiter-engine-5.8.2.jar:5.8.2]
	at org.junit.jupiter.engine.execution.InvocationInterceptorChain.chainAndInvoke(InvocationInterceptorChain.java:45) ~[junit-jupiter-engine-5.8.2.jar:5.8.2]
	at org.junit.jupiter.engine.execution.InvocationInterceptorChain.invoke(InvocationInterceptorChain.java:37) ~[junit-jupiter-engine-5.8.2.jar:5.8.2]
	at org.junit.jupiter.engine.execution.ExecutableInvoker.invoke(ExecutableInvoker.java:104) ~[junit-jupiter-engine-5.8.2.jar:5.8.2]
	at org.junit.jupiter.engine.execution.ExecutableInvoker.invoke(ExecutableInvoker.java:98) ~[junit-jupiter-engine-5.8.2.jar:5.8.2]
	at org.junit.jupiter.engine.descriptor.TestMethodTestDescriptor.lambda$invokeTestMethod$7(TestMethodTestDescriptor.java:214) ~[junit-jupiter-engine-5.8.2.jar:5.8.2]
	at org.junit.platform.engine.support.hierarchical.ThrowableCollector.execute(ThrowableCollector.java:73) ~[junit-platform-engine-1.8.2.jar:1.8.2]
	at org.junit.jupiter.engine.descriptor.TestMethodTestDescriptor.invokeTestMethod(TestMethodTestDescriptor.java:210) ~[junit-jupiter-engine-5.8.2.jar:5.8.2]
	at org.junit.jupiter.engine.descriptor.TestMethodTestDescriptor.execute(TestMethodTestDescriptor.java:135) ~[junit-jupiter-engine-5.8.2.jar:5.8.2]
	at org.junit.jupiter.engine.descriptor.TestMethodTestDescriptor.execute(TestMethodTestDescriptor.java:66) ~[junit-jupiter-engine-5.8.2.jar:5.8.2]
	at org.junit.platform.engine.support.hierarchical.NodeTestTask.lambda$executeRecursively$6(NodeTestTask.java:151) ~[junit-platform-engine-1.8.2.jar:1.8.2]
	at org.junit.platform.engine.support.hierarchical.ThrowableCollector.execute(ThrowableCollector.java:73) ~[junit-platform-engine-1.8.2.jar:1.8.2]
	at org.junit.platform.engine.support.hierarchical.NodeTestTask.lambda$executeRecursively$8(NodeTestTask.java:141) ~[junit-platform-engine-1.8.2.jar:1.8.2]
	at org.junit.platform.engine.support.hierarchical.Node.around(Node.java:137) ~[junit-platform-engine-1.8.2.jar:1.8.2]
	at org.junit.platform.engine.support.hierarchical.NodeTestTask.lambda$executeRecursively$9(NodeTestTask.java:139) ~[junit-platform-engine-1.8.2.jar:1.8.2]
	at org.junit.platform.engine.support.hierarchical.ThrowableCollector.execute(ThrowableCollector.java:73) ~[junit-platform-engine-1.8.2.jar:1.8.2]
	at org.junit.platform.engine.support.hierarchical.NodeTestTask.executeRecursively(NodeTestTask.java:138) ~[junit-platform-engine-1.8.2.jar:1.8.2]
	at org.junit.platform.engine.support.hierarchical.NodeTestTask.execute(NodeTestTask.java:95) ~[junit-platform-engine-1.8.2.jar:1.8.2]
	at java.util.ArrayList.forEach(ArrayList.java:1511) ~[?:?]
	at org.junit.platform.engine.support.hierarchical.SameThreadHierarchicalTestExecutorService.invokeAll(SameThreadHierarchicalTestExecutorService.java:41) ~[junit-platform-engine-1.8.2.jar:1.8.2]
	at org.junit.platform.engine.support.hierarchical.NodeTestTask.lambda$executeRecursively$6(NodeTestTask.java:155) ~[junit-platform-engine-1.8.2.jar:1.8.2]
	at org.junit.platform.engine.support.hierarchical.ThrowableCollector.execute(ThrowableCollector.java:73) ~[junit-platform-engine-1.8.2.jar:1.8.2]
	at org.junit.platform.engine.support.hierarchical.NodeTestTask.lambda$executeRecursively$8(NodeTestTask.java:141) ~[junit-platform-engine-1.8.2.jar:1.8.2]
	at org.junit.platform.engine.support.hierarchical.Node.around(Node.java:137) ~[junit-platform-engine-1.8.2.jar:1.8.2]
	at org.junit.platform.engine.support.hierarchical.NodeTestTask.lambda$executeRecursively$9(NodeTestTask.java:139) ~[junit-platform-engine-1.8.2.jar:1.8.2]
	at org.junit.platform.engine.support.hierarchical.ThrowableCollector.execute(ThrowableCollector.java:73) ~[junit-platform-engine-1.8.2.jar:1.8.2]
	at org.junit.platform.engine.support.hierarchical.NodeTestTask.executeRecursively(NodeTestTask.java:138) ~[junit-platform-engine-1.8.2.jar:1.8.2]
	at org.junit.platform.engine.support.hierarchical.NodeTestTask.execute(NodeTestTask.java:95) ~[junit-platform-engine-1.8.2.jar:1.8.2]
	at java.util.ArrayList.forEach(ArrayList.java:1511) ~[?:?]
	at org.junit.platform.engine.support.hierarchical.SameThreadHierarchicalTestExecutorService.invokeAll(SameThreadHierarchicalTestExecutorService.java:41) ~[junit-platform-engine-1.8.2.jar:1.8.2]
	at org.junit.platform.engine.support.hierarchical.NodeTestTask.lambda$executeRecursively$6(NodeTestTask.java:155) ~[junit-platform-engine-1.8.2.jar:1.8.2]
	at org.junit.platform.engine.support.hierarchical.ThrowableCollector.execute(ThrowableCollector.java:73) ~[junit-platform-engine-1.8.2.jar:1.8.2]
	at org.junit.platform.engine.support.hierarchical.NodeTestTask.lambda$executeRecursively$8(NodeTestTask.java:141) ~[junit-platform-engine-1.8.2.jar:1.8.2]
	at org.junit.platform.engine.support.hierarchical.Node.around(Node.java:137) ~[junit-platform-engine-1.8.2.jar:1.8.2]
	at org.junit.platform.engine.support.hierarchical.NodeTestTask.lambda$executeRecursively$9(NodeTestTask.java:139) ~[junit-platform-engine-1.8.2.jar:1.8.2]
	at org.junit.platform.engine.support.hierarchical.ThrowableCollector.execute(ThrowableCollector.java:73) ~[junit-platform-engine-1.8.2.jar:1.8.2]
	at org.junit.platform.engine.support.hierarchical.NodeTestTask.executeRecursively(NodeTestTask.java:138) ~[junit-platform-engine-1.8.2.jar:1.8.2]
	at org.junit.platform.engine.support.hierarchical.NodeTestTask.execute(NodeTestTask.java:95) ~[junit-platform-engine-1.8.2.jar:1.8.2]
	at org.junit.platform.engine.support.hierarchical.SameThreadHierarchicalTestExecutorService.submit(SameThreadHierarchicalTestExecutorService.java:35) ~[junit-platform-engine-1.8.2.jar:1.8.2]
	at org.junit.platform.engine.support.hierarchical.HierarchicalTestExecutor.execute(HierarchicalTestExecutor.java:57) ~[junit-platform-engine-1.8.2.jar:1.8.2]
	at org.junit.platform.engine.support.hierarchical.HierarchicalTestEngine.execute(HierarchicalTestEngine.java:54) ~[junit-platform-engine-1.8.2.jar:1.8.2]
	at org.junit.platform.launcher.core.EngineExecutionOrchestrator.execute(EngineExecutionOrchestrator.java:107) ~[junit-platform-launcher-1.8.2.jar:1.8.2]
	at org.junit.platform.launcher.core.EngineExecutionOrchestrator.execute(EngineExecutionOrchestrator.java:88) ~[junit-platform-launcher-1.8.2.jar:1.8.2]
	at org.junit.platform.launcher.core.EngineExecutionOrchestrator.lambda$execute$0(EngineExecutionOrchestrator.java:54) ~[junit-platform-launcher-1.8.2.jar:1.8.2]
	at org.junit.platform.launcher.core.EngineExecutionOrchestrator.withInterceptedStreams(EngineExecutionOrchestrator.java:67) [junit-platform-launcher-1.8.2.jar:1.8.2]
	at org.junit.platform.launcher.core.EngineExecutionOrchestrator.execute(EngineExecutionOrchestrator.java:52) [junit-platform-launcher-1.8.2.jar:1.8.2]
	at org.junit.platform.launcher.core.DefaultLauncher.execute(DefaultLauncher.java:114) [junit-platform-launcher-1.8.2.jar:1.8.2]
	at org.junit.platform.launcher.core.DefaultLauncher.execute(DefaultLauncher.java:95) [junit-platform-launcher-1.8.2.jar:1.8.2]
	at org.junit.platform.launcher.core.DefaultLauncherSession$DelegatingLauncher.execute(DefaultLauncherSession.java:91) [junit-platform-launcher-1.8.2.jar:1.8.2]
	at org.junit.platform.launcher.core.SessionPerRequestLauncher.execute(SessionPerRequestLauncher.java:60) [junit-platform-launcher-1.8.2.jar:1.8.2]
	at org.eclipse.jdt.internal.junit5.runner.JUnit5TestReference.run(JUnit5TestReference.java:100) [.cp/:?]
	at org.eclipse.jdt.internal.junit.runner.TestExecution.run(TestExecution.java:40) [.cp/:?]
	at org.eclipse.jdt.internal.junit.runner.RemoteTestRunner.runTests(RemoteTestRunner.java:529) [.cp/:?]
	at org.eclipse.jdt.internal.junit.runner.RemoteTestRunner.runTests(RemoteTestRunner.java:757) [.cp/:?]
	at org.eclipse.jdt.internal.junit.runner.RemoteTestRunner.run(RemoteTestRunner.java:452) [.cp/:?]
	at org.eclipse.jdt.internal.junit.runner.RemoteTestRunner.main(RemoteTestRunner.java:210) [.cp/:?]
Caused by: oracle.jdbc.OracleDatabaseException: ORA-00001: unique constraint (REVANTH.SYS_C008713) violated

	at oracle.jdbc.driver.T4CTTIoer11.processError(T4CTTIoer11.java:710) ~[ojdbc8-23.2.0.0.jar:23.2.0.0.0]
	... 82 more
2026-02-10 10:03:13 INFO  com.passwordmanager.dao.implementation.SecurityQuestionDaoImp - Fetched 12 security questions
2026-02-10 10:03:48 INFO  com.passwordmanager.dao.implementation.SecurityQuestionDaoImp - Added security question with id=23 name=Whats i mmsd
2026-02-10 10:03:50 INFO  com.passwordmanager.dao.implementation.UserInfoDaoImp - Created new user 'prashanth' with email 'prashanth@gmail.om'
2026-02-10 10:03:50 INFO  com.passwordmanager.dao.implementation.UserInfoDaoImp - Fetched user details for email 'prashanth@gmail.om'
2026-02-10 10:03:50 INFO  com.passwordmanager.dao.implementation.SecurityAnswerDaoImp - Added security answer for userId=24 questionId=1
2026-02-10 10:03:51 INFO  com.passwordmanager.dao.implementation.SecurityAnswerDaoImp - Added security answer for userId=24 questionId=23
2026-02-10 10:04:15 INFO  com.passwordmanager.dao.implementation.UserInfoDaoImp - Fetched user details for username/email 'prashanth@gmail.om'
2026-02-10 10:04:22 INFO  com.passwordmanager.dao.implementation.AccountCredentialsDaoImp - Added account 'gmail' for userId=24
2026-02-10 10:04:37 INFO  com.passwordmanager.dao.implementation.UserInfoDaoImp - Fetched user details for userId=24
2026-02-10 10:04:37 WARN  com.passwordmanager.dao.implementation.UserInfoDaoImp - Failed login attempt for email='prashanth@gmail.om'
2026-02-10 10:06:07 INFO  com.passwordmanager.dao.implementation.UserInfoDaoImp - Fetched user details for userId=24
2026-02-10 10:06:11 INFO  com.passwordmanager.dao.implementation.AccountCredentialsDaoImp - Updated account 'gmail' (accountId=125)
2026-02-10 10:08:03 INFO  com.passwordmanager.dao.implementation.UserInfoDaoImp - Fetched user details for userId=24
2026-02-10 10:08:04 INFO  com.passwordmanager.dao.implementation.AccountCredentialsDaoImp - Deleted account 'gmail' for userId=24
2026-02-10 10:08:37 INFO  com.passwordmanager.dao.implementation.UserInfoDaoImp - Fetched user details for userId=24
2026-02-10 10:08:47 INFO  com.passwordmanager.dao.implementation.SecurityAnswerDaoImp - Fetched 2 security answers for userId=24
2026-02-10 10:08:47 INFO  com.passwordmanager.dao.implementation.SecurityQuestionDaoImp - Fetched security question id=1 name=What is your mother’s maiden name?
2026-02-10 10:08:48 INFO  com.passwordmanager.dao.implementation.SecurityQuestionDaoImp - Fetched security question id=23 name=Whats i mmsd
2026-02-10 10:08:53 INFO  com.passwordmanager.dao.implementation.SecurityQuestionDaoImp - Fetched 2 security questions for userId=24
2026-02-10 10:13:30 INFO  com.passwordmanager.dao.implementation.SecurityAnswerDaoImp - Updated security answer by userId=24 questionId=1
2026-02-10 10:13:45 INFO  com.passwordmanager.dao.implementation.SecurityQuestionDaoImp - Fetched 2 security questions for userId=24
2026-02-10 10:13:50 INFO  com.passwordmanager.dao.implementation.SecurityAnswerDaoImp - Updated security answer by userId=24 questionId=23
2026-02-10 10:13:54 INFO  com.passwordmanager.dao.implementation.SecurityAnswerDaoImp - Fetched 2 security answers for userId=24
2026-02-10 10:13:54 INFO  com.passwordmanager.dao.implementation.SecurityQuestionDaoImp - Fetched security question id=1 name=What is your mother’s maiden name?
2026-02-10 10:13:54 INFO  com.passwordmanager.dao.implementation.SecurityQuestionDaoImp - Fetched security question id=23 name=Whats i mmsd
2026-02-10 10:13:56 INFO  com.passwordmanager.dao.implementation.SecurityQuestionDaoImp - Fetched 12 security questions
2026-02-10 10:14:07 ERROR com.passwordmanager.dao.implementation.SecurityAnswerDaoImp - DB error while deleting security answer for userId=24 questionId=1
java.sql.SQLException: ORA-17041: Missing IN or OUT parameter at index: 1
	at oracle.jdbc.driver.OraclePreparedStatement.processCompletedBindRow(OraclePreparedStatement.java:1993) ~[ojdbc8-23.2.0.0.jar:23.2.0.0.0]
	at oracle.jdbc.driver.OraclePreparedStatement.executeInternal(OraclePreparedStatement.java:3718) ~[ojdbc8-23.2.0.0.jar:23.2.0.0.0]
	at oracle.jdbc.driver.OraclePreparedStatement.executeLargeUpdate(OraclePreparedStatement.java:3905) ~[ojdbc8-23.2.0.0.jar:23.2.0.0.0]
	at oracle.jdbc.driver.OraclePreparedStatement.executeUpdate(OraclePreparedStatement.java:3880) ~[ojdbc8-23.2.0.0.jar:23.2.0.0.0]
	at oracle.jdbc.driver.OraclePreparedStatementWrapper.executeUpdate(OraclePreparedStatementWrapper.java:993) ~[ojdbc8-23.2.0.0.jar:23.2.0.0.0]
	at com.passwordmanager.dao.implementation.SecurityAnswerDaoImp.deleteAnswer(SecurityAnswerDaoImp.java:152) [classes/:?]
	at com.passwordmanager.service.questions.ManageSecurityQuestions.replaceSecurityQuestion(ManageSecurityQuestions.java:160) [classes/:?]
	at com.passwordmanager.service.questions.ManageSecurityQuestions.manage(ManageSecurityQuestions.java:50) [classes/:?]
	at com.passwordmanager.service.user.UserMenu.getMenu(UserMenu.java:85) [classes/:?]
	at com.passwordmanager.app.Main.main(Main.java:40) [classes/:?]
2026-02-10 10:17:31 INFO  com.passwordmanager.dao.implementation.UserInfoDaoImp - Fetched user details for username/email 'revanth@gmail.com'
2026-02-10 10:18:06 INFO  com.passwordmanager.dao.implementation.UserInfoDaoImp - Fetched user details for userId=1
2026-02-10 10:18:09 INFO  com.passwordmanager.dao.implementation.AccountCredentialsDaoImp - Updated account 'Gmail' (accountId=100)
2026-02-10 10:18:15 INFO  com.passwordmanager.dao.implementation.UserInfoDaoImp - Fetched user details for userId=1
2026-02-10 10:18:15 WARN  com.passwordmanager.dao.implementation.AccountCredentialsDaoImp - Attempted to delete non-existing account 'gmail' for userId=1
2026-02-10 10:18:35 INFO  com.passwordmanager.dao.implementation.UserInfoDaoImp - Fetched user details for userId=1
2026-02-10 10:18:35 WARN  com.passwordmanager.dao.implementation.AccountCredentialsDaoImp - Attempted to delete non-existing account 'gmail' for userId=1
2026-02-10 10:18:58 INFO  com.passwordmanager.dao.implementation.UserInfoDaoImp - Fetched user details for userId=1
2026-02-10 10:18:58 INFO  com.passwordmanager.dao.implementation.AccountCredentialsDaoImp - Deleted account 'Gmail' for userId=1
2026-02-10 10:20:27 INFO  com.passwordmanager.dao.implementation.UserInfoDaoImp - Fetched user details for userId=1
2026-02-10 10:20:55 INFO  com.passwordmanager.dao.implementation.SecurityAnswerDaoImp - Fetched 3 security answers for userId=1
2026-02-10 10:20:55 INFO  com.passwordmanager.dao.implementation.SecurityQuestionDaoImp - Fetched security question id=1 name=What is your mother’s maiden name?
2026-02-10 10:20:55 INFO  com.passwordmanager.dao.implementation.SecurityQuestionDaoImp - Fetched security question id=12 name=What is your favorite color?
2026-02-10 10:20:55 INFO  com.passwordmanager.dao.implementation.SecurityQuestionDaoImp - Fetched security question id=21 name=What is your pet's name?
2026-02-10 10:21:00 INFO  com.passwordmanager.dao.implementation.SecurityQuestionDaoImp - Fetched 12 security questions
2026-02-10 10:21:12 ERROR com.passwordmanager.dao.implementation.SecurityAnswerDaoImp - DB error while deleting security answer for userId=1 questionId=1
java.sql.SQLException: ORA-17041: Missing IN or OUT parameter at index: 1
	at oracle.jdbc.driver.OraclePreparedStatement.processCompletedBindRow(OraclePreparedStatement.java:1993) ~[ojdbc8-23.2.0.0.jar:23.2.0.0.0]
	at oracle.jdbc.driver.OraclePreparedStatement.executeInternal(OraclePreparedStatement.java:3718) ~[ojdbc8-23.2.0.0.jar:23.2.0.0.0]
	at oracle.jdbc.driver.OraclePreparedStatement.executeLargeUpdate(OraclePreparedStatement.java:3905) ~[ojdbc8-23.2.0.0.jar:23.2.0.0.0]
	at oracle.jdbc.driver.OraclePreparedStatement.executeUpdate(OraclePreparedStatement.java:3880) ~[ojdbc8-23.2.0.0.jar:23.2.0.0.0]
	at oracle.jdbc.driver.OraclePreparedStatementWrapper.executeUpdate(OraclePreparedStatementWrapper.java:993) ~[ojdbc8-23.2.0.0.jar:23.2.0.0.0]
	at com.passwordmanager.dao.implementation.SecurityAnswerDaoImp.deleteAnswer(SecurityAnswerDaoImp.java:152) [classes/:?]
	at com.passwordmanager.service.questions.ManageSecurityQuestions.replaceSecurityQuestion(ManageSecurityQuestions.java:160) [classes/:?]
	at com.passwordmanager.service.questions.ManageSecurityQuestions.manage(ManageSecurityQuestions.java:50) [classes/:?]
	at com.passwordmanager.service.user.UserMenu.getMenu(UserMenu.java:85) [classes/:?]
	at com.passwordmanager.app.Main.main(Main.java:40) [classes/:?]
2026-02-10 10:40:36 INFO  com.passwordmanager.dao.implementation.UserInfoDaoImp - Fetched user details for username/email 'revanth@gmail.com'
2026-02-10 10:40:51 WARN  com.passwordmanager.dao.implementation.UserInfoDaoImp - Failed login attempt by userId=1
2026-02-10 10:40:58 WARN  com.passwordmanager.dao.implementation.UserInfoDaoImp - Failed login attempt by userId=1
2026-02-10 10:41:03 WARN  com.passwordmanager.dao.implementation.UserInfoDaoImp - Failed login attempt by userId=1
2026-02-10 10:41:17 WARN  com.passwordmanager.dao.implementation.UserInfoDaoImp - Failed login attempt for username/email 'revanth@5465'
2026-02-10 10:41:44 INFO  com.passwordmanager.dao.implementation.UserInfoDaoImp - Fetched user details for username/email 'revanth@gmail.com'
2026-02-10 10:42:00 INFO  com.passwordmanager.dao.implementation.SecurityQuestionDaoImp - Fetched 3 security questions for userId=1
2026-02-10 10:42:18 INFO  com.passwordmanager.dao.implementation.SecurityAnswerDaoImp - Updated security answer by userId=1 questionId=1
2026-02-10 10:42:22 INFO  com.passwordmanager.dao.implementation.SecurityAnswerDaoImp - Fetched 3 security answers for userId=1
2026-02-10 10:42:22 INFO  com.passwordmanager.dao.implementation.SecurityQuestionDaoImp - Fetched security question id=1 name=What is your mother’s maiden name?
2026-02-10 10:42:22 INFO  com.passwordmanager.dao.implementation.SecurityQuestionDaoImp - Fetched security question id=12 name=What is your favorite color?
2026-02-10 10:42:22 INFO  com.passwordmanager.dao.implementation.SecurityQuestionDaoImp - Fetched security question id=21 name=What is your pet's name?
2026-02-10 10:43:52 INFO  com.passwordmanager.dao.implementation.SecurityQuestionDaoImp - Fetched 12 security questions
2026-02-10 10:44:17 INFO  com.passwordmanager.dao.implementation.SecurityQuestionDaoImp - Added security question with id=13 name=What is my nickname?
2026-02-10 10:44:59 INFO  com.passwordmanager.dao.implementation.UserInfoDaoImp - Created new user 'shiva' with email 'shiva@gmail.com'
2026-02-10 10:44:59 INFO  com.passwordmanager.dao.implementation.UserInfoDaoImp - Fetched user details for email 'shiva@gmail.com'
2026-02-10 10:44:59 INFO  com.passwordmanager.dao.implementation.SecurityAnswerDaoImp - Added security answer for userId=1 questionId=3
2026-02-10 10:44:59 INFO  com.passwordmanager.dao.implementation.SecurityAnswerDaoImp - Added security answer for userId=1 questionId=13
2026-02-10 10:45:08 INFO  com.passwordmanager.dao.implementation.UserInfoDaoImp - Fetched user details for username/email 'shiva'
2026-02-10 10:45:23 INFO  com.passwordmanager.dao.implementation.AccountCredentialsDaoImp - Added account 'gmail' for userId=1
2026-02-10 10:45:44 INFO  com.passwordmanager.dao.implementation.AccountCredentialsDaoImp - Added account 'twitter' for userId=1
2026-02-10 11:57:34 INFO  com.passwordmanager.dao.implementation.UserInfoDaoImp - Fetched user details for username/email 'shiva@gmail.com'
2026-02-10 11:57:44 INFO  com.passwordmanager.dao.implementation.SecurityAnswerDaoImp - Fetched 2 security answers for userId=1
2026-02-10 11:57:44 INFO  com.passwordmanager.dao.implementation.SecurityQuestionDaoImp - Fetched security question id=3 name=What is your date of birth?
2026-02-10 11:57:44 INFO  com.passwordmanager.dao.implementation.SecurityQuestionDaoImp - Fetched security question id=13 name=What is my nickname?
2026-02-10 14:16:05 INFO  com.passwordmanager.dao.implementation.AccountCredentialsDaoImp - Added account 'Gmail' for userId=1
2026-02-10 14:16:07 INFO  com.passwordmanager.dao.implementation.AccountCredentialsDaoImp - Added account 'TestDelete' for userId=1
2026-02-10 14:16:09 INFO  com.passwordmanager.dao.implementation.AccountCredentialsDaoImp - Deleted account 'TestDelete' for userId=1
2026-02-10 14:16:09 INFO  com.passwordmanager.dao.implementation.AccountCredentialsDaoImp - Added account 'ViewTest' for userId=1
2026-02-10 14:16:09 INFO  com.passwordmanager.dao.implementation.UserInfoDaoImp - Created new user 'forgotTest' with email 'forgot@example.com'
2026-02-10 14:16:09 INFO  com.passwordmanager.dao.implementation.UserInfoDaoImp - Fetched user details for email 'forgot@example.com'
2026-02-10 14:16:09 INFO  com.passwordmanager.dao.implementation.UserInfoDaoImp - Password updated successfully for userId=2
2026-02-10 14:16:09 INFO  com.passwordmanager.dao.implementation.UserInfoDaoImp - Created new user 'tester' with email 'tester@example.com'
2026-02-10 14:16:10 WARN  com.passwordmanager.dao.implementation.UserInfoDaoImp - Failed login attempt for username/email 'tester'
2026-02-10 14:20:28 WARN  com.passwordmanager.dao.implementation.AccountCredentialsDaoImp - Failed to add account 'Gmail', already exists for userId=1
2026-02-10 14:20:29 INFO  com.passwordmanager.dao.implementation.AccountCredentialsDaoImp - Added account 'TestDelete' for userId=1
2026-02-10 14:20:29 INFO  com.passwordmanager.dao.implementation.AccountCredentialsDaoImp - Deleted account 'TestDelete' for userId=1
2026-02-10 14:20:29 WARN  com.passwordmanager.dao.implementation.AccountCredentialsDaoImp - Failed to add account 'ViewTest', already exists for userId=1
2026-02-10 14:20:29 WARN  com.passwordmanager.dao.implementation.UserInfoDaoImp - Failed to create user 'forgotTest', email 'forgot@example.com' already exists
2026-02-10 14:20:29 INFO  com.passwordmanager.dao.implementation.UserInfoDaoImp - Fetched user details for email 'forgot@example.com'
2026-02-10 14:20:30 INFO  com.passwordmanager.dao.implementation.UserInfoDaoImp - Password updated successfully for userId=2
2026-02-10 14:20:30 WARN  com.passwordmanager.dao.implementation.UserInfoDaoImp - Failed to create user 'tester', email 'tester@example.com' already exists
2026-02-10 14:20:30 WARN  com.passwordmanager.dao.implementation.UserInfoDaoImp - Failed login attempt for username/email 'tester'
2026-02-10 14:21:05 WARN  com.passwordmanager.dao.implementation.AccountCredentialsDaoImp - Failed to add account 'Gmail', already exists for userId=1
2026-02-10 14:21:05 INFO  com.passwordmanager.dao.implementation.AccountCredentialsDaoImp - Added account 'TestDelete' for userId=1
2026-02-10 14:21:05 INFO  com.passwordmanager.dao.implementation.AccountCredentialsDaoImp - Deleted account 'TestDelete' for userId=1
2026-02-10 14:21:05 WARN  com.passwordmanager.dao.implementation.AccountCredentialsDaoImp - Failed to add account 'ViewTest', already exists for userId=1
2026-02-10 14:21:05 WARN  com.passwordmanager.dao.implementation.UserInfoDaoImp - Failed to create user 'forgotTest', email 'forgot@example.com' already exists
2026-02-10 14:21:05 INFO  com.passwordmanager.dao.implementation.UserInfoDaoImp - Fetched user details for email 'forgot@example.com'
2026-02-10 14:21:06 INFO  com.passwordmanager.dao.implementation.UserInfoDaoImp - Password updated successfully for userId=2
2026-02-10 14:21:06 WARN  com.passwordmanager.dao.implementation.UserInfoDaoImp - Failed to create user 'tester', email 'tester@example.com' already exists
2026-02-10 14:21:06 WARN  com.passwordmanager.dao.implementation.UserInfoDaoImp - Failed login attempt for username/email 'tester'
2026-02-10 14:21:32 WARN  com.passwordmanager.dao.implementation.AccountCredentialsDaoImp - Failed to add account 'Gmail', already exists for userId=1
2026-02-10 14:21:32 INFO  com.passwordmanager.dao.implementation.AccountCredentialsDaoImp - Added account 'TestDelete' for userId=1
2026-02-10 14:21:33 INFO  com.passwordmanager.dao.implementation.AccountCredentialsDaoImp - Deleted account 'TestDelete' for userId=1
2026-02-10 14:21:33 WARN  com.passwordmanager.dao.implementation.AccountCredentialsDaoImp - Failed to add account 'ViewTest', already exists for userId=1
2026-02-10 14:21:33 WARN  com.passwordmanager.dao.implementation.UserInfoDaoImp - Failed to create user 'forgotTest', email 'forgot@example.com' already exists
2026-02-10 14:21:34 INFO  com.passwordmanager.dao.implementation.UserInfoDaoImp - Fetched user details for email 'forgot@example.com'
2026-02-10 14:21:34 INFO  com.passwordmanager.dao.implementation.UserInfoDaoImp - Password updated successfully for userId=2
2026-02-10 14:21:34 WARN  com.passwordmanager.dao.implementation.UserInfoDaoImp - Failed to create user 'tester', email 'tester@example.com' already exists
2026-02-10 14:21:34 WARN  com.passwordmanager.dao.implementation.UserInfoDaoImp - Failed login attempt for username/email 'tester'
2026-02-10 14:22:44 WARN  com.passwordmanager.dao.implementation.AccountCredentialsDaoImp - Failed to add account 'Gmail', already exists for userId=1
2026-02-10 14:22:44 INFO  com.passwordmanager.dao.implementation.AccountCredentialsDaoImp - Added account 'TestDelete' for userId=1
2026-02-10 14:22:45 INFO  com.passwordmanager.dao.implementation.AccountCredentialsDaoImp - Deleted account 'TestDelete' for userId=1
2026-02-10 14:22:46 WARN  com.passwordmanager.dao.implementation.AccountCredentialsDaoImp - Failed to add account 'ViewTest', already exists for userId=1
2026-02-10 14:22:46 WARN  com.passwordmanager.dao.implementation.UserInfoDaoImp - Failed to create user 'forgotTest', email 'forgot@example.com' already exists
2026-02-10 14:22:46 INFO  com.passwordmanager.dao.implementation.UserInfoDaoImp - Fetched user details for email 'forgot@example.com'
2026-02-10 14:22:46 INFO  com.passwordmanager.dao.implementation.UserInfoDaoImp - Password updated successfully for userId=2
2026-02-10 14:22:46 WARN  com.passwordmanager.dao.implementation.UserInfoDaoImp - Failed to create user 'tester', email 'tester@example.com' already exists
2026-02-10 14:22:46 WARN  com.passwordmanager.dao.implementation.UserInfoDaoImp - Failed login attempt for username/email 'tester'
2026-02-10 14:23:15 WARN  com.passwordmanager.dao.implementation.AccountCredentialsDaoImp - Failed to add account 'Gmail', already exists for userId=1
2026-02-10 14:23:15 INFO  com.passwordmanager.dao.implementation.AccountCredentialsDaoImp - Added account 'TestDelete' for userId=1
2026-02-10 14:23:16 INFO  com.passwordmanager.dao.implementation.AccountCredentialsDaoImp - Deleted account 'TestDelete' for userId=1
2026-02-10 14:23:16 WARN  com.passwordmanager.dao.implementation.AccountCredentialsDaoImp - Failed to add account 'ViewTest', already exists for userId=1
2026-02-10 14:23:16 WARN  com.passwordmanager.dao.implementation.UserInfoDaoImp - Failed to create user 'forgotTest', email 'forgot@example.com' already exists
2026-02-10 14:23:16 INFO  com.passwordmanager.dao.implementation.UserInfoDaoImp - Fetched user details for email 'forgot@example.com'
2026-02-10 14:23:16 INFO  com.passwordmanager.dao.implementation.UserInfoDaoImp - Password updated successfully for userId=2
2026-02-10 14:23:16 WARN  com.passwordmanager.dao.implementation.UserInfoDaoImp - Failed to create user 'tester', email 'tester@example.com' already exists
2026-02-10 14:23:16 WARN  com.passwordmanager.dao.implementation.UserInfoDaoImp - Failed login attempt for username/email 'tester'
